<?xml version="1.0" encoding="UTF-8"?>
<!-- Generated by org.testng.reporters.JUnitXMLReporter -->
<testsuite ignored="0" hostname="SHARATH-WORKSPACE" failures="1" tests="3" name="Error validation" time="43.374" errors="0" timestamp="2024-06-15T14:20:19 IST">
  <testcase classname="selenium.tests.ErrorValidationTest" name="LoginErrorValidation" time="4.64">
    <skipped/>
  </testcase> <!-- LoginErrorValidation -->
  <testcase classname="selenium.tests.ErrorValidationTest" name="LoginErrorValidation" time="3.587">
    <failure type="java.lang.AssertionError" message="expected [Correct email or password.] but found [Incorrect email or password.]">
      <![CDATA[java.lang.AssertionError: expected [Correct email or password.] but found [Incorrect email or password.]
at selenium.tests.ErrorValidationTest.LoginErrorValidation(ErrorValidationTest.java:36)
at java.base/java.util.ArrayList.forEach(ArrayList.java:1511)
at java.base/java.util.concurrent.FutureTask.run(FutureTask.java:317)
at java.base/java.util.concurrent.ThreadPoolExecutor.runWorker(ThreadPoolExecutor.java:1144)
at java.base/java.util.concurrent.ThreadPoolExecutor$Worker.run(ThreadPoolExecutor.java:642)
at java.base/java.lang.Thread.run(Thread.java:1623)
... Removed 21 stack frames]]>
    </failure>
  </testcase> <!-- LoginErrorValidation -->
  <testcase classname="selenium.tests.ErrorValidationTest" name="ProductErrorValidation" time="16.245"/>
</testsuite> <!-- Error validation -->
