<?xml version="1.0" encoding="UTF-8"?>
<!-- Generated by org.testng.reporters.JUnitXMLReporter -->
<testsuite ignored="0" hostname="SHARATH-WORKSPACE" failures="1" tests="3" name="Error validation" time="42.06" errors="0" timestamp="2024-06-15T14:18:20 IST">
  <testcase classname="selenium.tests.ErrorValidationTest" name="LoginErrorValidation" time="2.77">
    <skipped/>
  </testcase> <!-- LoginErrorValidation -->
  <testcase classname="selenium.tests.ErrorValidationTest" name="LoginErrorValidation" time="4.048">
    <failure type="java.lang.AssertionError" message="expected [Correct email or password.] but found [Incorrect email or password.]">
      <![CDATA[java.lang.AssertionError: expected [Correct email or password.] but found [Incorrect email or password.]
at selenium.tests.ErrorValidationTest.LoginErrorValidation(ErrorValidationTest.java:36)
at java.base/java.util.ArrayList.forEach(ArrayList.java:1511)
... Removed 35 stack frames]]>
    </failure>
  </testcase> <!-- LoginErrorValidation -->
  <testcase classname="selenium.tests.ErrorValidationTest" name="ProductErrorValidation" time="16.205"/>
</testsuite> <!-- Error validation -->
